#
# There is insufficient memory for the Java Runtime Environment to continue.
# Native memory allocation (malloc) failed to allocate 1681520 bytes for Chunk::new
# Possible reasons:
#   The system is out of physical RAM or swap space
#   The process is running with CompressedOops enabled, and the Java Heap may be blocking the growth of the native heap
# Possible solutions:
#   Reduce memory load on the system
#   Increase physical memory or swap space
#   Check if swap backing store is full
#   Decrease Java heap size (-Xmx/-Xms)
#   Decrease number of Java threads
#   Decrease Java thread stack sizes (-Xss)
#   Set larger code cache with -XX:ReservedCodeCacheSize=
#   JVM is running with Unscaled Compressed Oops mode in which the Java heap is
#     placed in the first 4GB address space. The Java Heap base address is the
#     maximum limit for the native heap growth. Please use -XX:HeapBaseMinAddress
#     to set the Java Heap base and to place the Java Heap above 4GB virtual address.
# This output file may be truncated or incomplete.
#
#  Out of Memory Error (arena.cpp:189), pid=12036, tid=15524
#
# JRE version: OpenJDK Runtime Environment (17.0.6) (build 17.0.6+0-b2043.56-9586694)
# Java VM: OpenJDK 64-Bit Server VM (17.0.6+0-b2043.56-9586694, mixed mode, tiered, compressed oops, compressed class ptrs, g1 gc, windows-amd64)
# No core dump will be written. Minidumps are not enabled by default on client versions of Windows
#

---------------  S U M M A R Y ------------

Command Line: org.jetbrains.kotlin.cli.jvm.K2JVMCompiler @H:\PROJECT BACKUPS\OBJECT DETECTION\2. ssd_mobilenet\lite\examples\object_detection\android_play_services\app\build\20230524_5905159481726120497.compiler.options

Host: Intel(R) Core(TM) i3-6100U CPU @ 2.30GHz, 4 cores, 3G,  Windows 10 , 64 bit Build 19041 (10.0.19041.2913)
Time: Wed May 24 10:22:04 2023 India Standard Time elapsed time: 7.571262 seconds (0d 0h 0m 7s)

---------------  T H R E A D  ---------------

Current thread (0x000001c2bbdf3320):  JavaThread "C2 CompilerThread1" daemon [_thread_in_native, id=15524, stack(0x0000003bb9300000,0x0000003bb9400000)]


Current CompileTask:
C2:   7571 4105       4       org.jetbrains.kotlin.load.java.structure.impl.classFiles.BinaryClassSignatureParser::parseTypeString (128 bytes)

Stack: [0x0000003bb9300000,0x0000003bb9400000]
Native frames: (J=compiled Java code, j=interpreted, Vv=VM code, C=native code)
V  [jvm.dll+0x683b4a]
V  [jvm.dll+0x842654]
V  [jvm.dll+0x843dfe]
V  [jvm.dll+0x844463]
V  [jvm.dll+0x249b75]
V  [jvm.dll+0xabcac]
V  [jvm.dll+0xac27c]
V  [jvm.dll+0x368857]
V  [jvm.dll+0x332f31]
V  [jvm.dll+0x3323da]
V  [jvm.dll+0x21c201]
V  [jvm.dll+0x21b621]
V  [jvm.dll+0x1a4fdd]
V  [jvm.dll+0x22b098]
V  [jvm.dll+0x229159]
V  [jvm.dll+0x7f809c]
V  [jvm.dll+0x7f25fa]
V  [jvm.dll+0x682985]
C  [ucrtbase.dll+0x21bb2]
C  [KERNEL32.DLL+0x17614]
C  [ntdll.dll+0x526a1]


---------------  P R O C E S S  ---------------

Threads class SMR info:
_java_thread_list=0x000001c2bbeb4fe0, length=13, elements={
0x000001c2a0f70af0, 0x000001c2b7e42840, 0x000001c2b7e3fdd0, 0x000001c2b7e871c0,
0x000001c2b7e87d70, 0x000001c2b7e8a830, 0x000001c2b7e8c1f0, 0x000001c2b7e8ebe0,
0x000001c2b7ea2020, 0x000001c2b7ea6940, 0x000001c2b895a010, 0x000001c2b8968c70,
0x000001c2bbdf3320
}

Java Threads: ( => current thread )
  0x000001c2a0f70af0 JavaThread "main" [_thread_in_native, id=12876, stack(0x0000003bb8000000,0x0000003bb8100000)]
  0x000001c2b7e42840 JavaThread "Reference Handler" daemon [_thread_blocked, id=16476, stack(0x0000003bb8700000,0x0000003bb8800000)]
  0x000001c2b7e3fdd0 JavaThread "Finalizer" daemon [_thread_blocked, id=15000, stack(0x0000003bb8800000,0x0000003bb8900000)]
  0x000001c2b7e871c0 JavaThread "Signal Dispatcher" daemon [_thread_blocked, id=17668, stack(0x0000003bb8900000,0x0000003bb8a00000)]
  0x000001c2b7e87d70 JavaThread "Attach Listener" daemon [_thread_blocked, id=13088, stack(0x0000003bb8a00000,0x0000003bb8b00000)]
  0x000001c2b7e8a830 JavaThread "Service Thread" daemon [_thread_blocked, id=16556, stack(0x0000003bb8b00000,0x0000003bb8c00000)]
  0x000001c2b7e8c1f0 JavaThread "Monitor Deflation Thread" daemon [_thread_blocked, id=9524, stack(0x0000003bb8c00000,0x0000003bb8d00000)]
  0x000001c2b7e8ebe0 JavaThread "C2 CompilerThread0" daemon [_thread_in_native, id=14508, stack(0x0000003bb8d00000,0x0000003bb8e00000)]
  0x000001c2b7ea2020 JavaThread "C1 CompilerThread0" daemon [_thread_blocked, id=10212, stack(0x0000003bb8e00000,0x0000003bb8f00000)]
  0x000001c2b7ea6940 JavaThread "Sweeper thread" daemon [_thread_blocked, id=5104, stack(0x0000003bb8f00000,0x0000003bb9000000)]
  0x000001c2b895a010 JavaThread "Notification Thread" daemon [_thread_blocked, id=17504, stack(0x0000003bb9000000,0x0000003bb9100000)]
  0x000001c2b8968c70 JavaThread "Common-Cleaner" daemon [_thread_blocked, id=7672, stack(0x0000003bb9200000,0x0000003bb9300000)]
=>0x000001c2bbdf3320 JavaThread "C2 CompilerThread1" daemon [_thread_in_native, id=15524, stack(0x0000003bb9300000,0x0000003bb9400000)]

Other Threads:
  0x000001c2b7e34720 VMThread "VM Thread" [stack: 0x0000003bb8600000,0x0000003bb8700000] [id=12996]
  0x000001c2b895b100 WatcherThread [stack: 0x0000003bb9100000,0x0000003bb9200000] [id=16916]
  0x000001c2a0faa5a0 GCTaskThread "GC Thread#0" [stack: 0x0000003bb8100000,0x0000003bb8200000] [id=16808]
  0x000001c2b8d10b70 GCTaskThread "GC Thread#1" [stack: 0x0000003bb9400000,0x0000003bb9500000] [id=7896]
  0x000001c2b8d7c820 GCTaskThread "GC Thread#2" [stack: 0x0000003bb9500000,0x0000003bb9600000] [id=10144]
  0x000001c2b8d7cad0 GCTaskThread "GC Thread#3" [stack: 0x0000003bb9600000,0x0000003bb9700000] [id=13528]
  0x000001c2a0fb3270 ConcurrentGCThread "G1 Main Marker" [stack: 0x0000003bb8200000,0x0000003bb8300000] [id=17604]
  0x000001c2a0fb4420 ConcurrentGCThread "G1 Conc#0" [stack: 0x0000003bb8300000,0x0000003bb8400000] [id=6248]
  0x000001c2a1005c00 ConcurrentGCThread "G1 Refine#0" [stack: 0x0000003bb8400000,0x0000003bb8500000] [id=4324]
  0x000001c2ba6911b0 ConcurrentGCThread "G1 Refine#1" [stack: 0x0000003bb9700000,0x0000003bb9800000] [id=9072]
  0x000001c2ba4983b0 ConcurrentGCThread "G1 Refine#2" [stack: 0x0000003bb9800000,0x0000003bb9900000] [id=8564]
  0x000001c2a1006620 ConcurrentGCThread "G1 Service" [stack: 0x0000003bb8500000,0x0000003bb8600000] [id=16056]

Threads with active compile tasks:
C2 CompilerThread0     7650 4120       4       org.jetbrains.kotlin.load.java.structure.impl.classFiles.BinaryClassSignatureParser::parseParameterizedClassRefSignature (272 bytes)
C2 CompilerThread1     7650 4105       4       org.jetbrains.kotlin.load.java.structure.impl.classFiles.BinaryClassSignatureParser::parseTypeString (128 bytes)

VM state: not at safepoint (normal execution)

VM Mutex/Monitor currently owned by a thread: None

Heap address: 0x00000000c1a00000, size: 998 MB, Compressed Oops mode: 32-bit

CDS archive(s) not mapped
Compressed class space mapped at: 0x0000000100000000-0x0000000140000000, reserved size: 1073741824
Narrow klass base: 0x0000000000000000, Narrow klass shift: 3, Narrow klass range: 0x140000000

GC Precious Log:
 CPUs: 4 total, 4 available
 Memory: 3987M
 Large Page Support: Disabled
 NUMA Support: Disabled
 Compressed Oops: Enabled (32-bit)
 Heap Region Size: 1M
 Heap Min Capacity: 8M
 Heap Initial Capacity: 64M
 Heap Max Capacity: 998M
 Pre-touch: Disabled
 Parallel Workers: 4
 Concurrent Workers: 1
 Concurrent Refinement Workers: 4
 Periodic GC: Disabled

Heap:
 garbage-first heap   total 83968K, used 38150K [0x00000000c1a00000, 0x0000000100000000)
  region size 1024K, 8 young (8192K), 5 survivors (5120K)
 Metaspace       used 51892K, committed 52160K, reserved 1097728K
  class space    used 6344K, committed 6464K, reserved 1048576K

Heap Regions: E=young(eden), S=young(survivor), O=old, HS=humongous(starts), HC=humongous(continues), CS=collection set, F=free, OA=open archive, CA=closed archive, TAMS=top-at-mark-start (previous, next)
|   0|0x00000000c1a00000, 0x00000000c1b00000, 0x00000000c1b00000|100%|HS|  |TAMS 0x00000000c1b00000, 0x00000000c1a00000| Complete 
|   1|0x00000000c1b00000, 0x00000000c1c00000, 0x00000000c1c00000|100%|HC|  |TAMS 0x00000000c1c00000, 0x00000000c1b00000| Complete 
|   2|0x00000000c1c00000, 0x00000000c1d00000, 0x00000000c1d00000|100%|HC|  |TAMS 0x00000000c1d00000, 0x00000000c1c00000| Complete 
|   3|0x00000000c1d00000, 0x00000000c1e00000, 0x00000000c1e00000|100%| O|  |TAMS 0x00000000c1e00000, 0x00000000c1d00000| Untracked 
|   4|0x00000000c1e00000, 0x00000000c1f00000, 0x00000000c1f00000|100%| O|  |TAMS 0x00000000c1f00000, 0x00000000c1e00000| Untracked 
|   5|0x00000000c1f00000, 0x00000000c2000000, 0x00000000c2000000|100%| O|  |TAMS 0x00000000c2000000, 0x00000000c1f00000| Untracked 
|   6|0x00000000c2000000, 0x00000000c2100000, 0x00000000c2100000|100%|HS|  |TAMS 0x00000000c2100000, 0x00000000c2000000| Complete 
|   7|0x00000000c2100000, 0x00000000c2200000, 0x00000000c2200000|100%|HC|  |TAMS 0x00000000c2200000, 0x00000000c2100000| Complete 
|   8|0x00000000c2200000, 0x00000000c2300000, 0x00000000c2300000|100%|HC|  |TAMS 0x00000000c2300000, 0x00000000c2200000| Complete 
|   9|0x00000000c2300000, 0x00000000c2400000, 0x00000000c2400000|100%| O|  |TAMS 0x00000000c2400000, 0x00000000c2300000| Untracked 
|  10|0x00000000c2400000, 0x00000000c2500000, 0x00000000c2500000|100%| O|  |TAMS 0x00000000c2500000, 0x00000000c2400000| Untracked 
|  11|0x00000000c2500000, 0x00000000c2600000, 0x00000000c2600000|100%| O|  |TAMS 0x00000000c2600000, 0x00000000c2500000| Untracked 
|  12|0x00000000c2600000, 0x00000000c2700000, 0x00000000c2700000|100%| O|  |TAMS 0x00000000c2700000, 0x00000000c2600000| Untracked 
|  13|0x00000000c2700000, 0x00000000c2800000, 0x00000000c2800000|100%| O|  |TAMS 0x00000000c2800000, 0x00000000c2700000| Untracked 
|  14|0x00000000c2800000, 0x00000000c2900000, 0x00000000c2900000|100%| O|  |TAMS 0x00000000c2838800, 0x00000000c2800000| Untracked 
|  15|0x00000000c2900000, 0x00000000c2a00000, 0x00000000c2a00000|100%| O|  |TAMS 0x00000000c2a00000, 0x00000000c2900000| Untracked 
|  16|0x00000000c2a00000, 0x00000000c2b00000, 0x00000000c2b00000|100%| O|  |TAMS 0x00000000c2b00000, 0x00000000c2a00000| Untracked 
|  17|0x00000000c2b00000, 0x00000000c2c00000, 0x00000000c2c00000|100%| O|  |TAMS 0x00000000c2c00000, 0x00000000c2b00000| Untracked 
|  18|0x00000000c2c00000, 0x00000000c2d00000, 0x00000000c2d00000|100%| O|  |TAMS 0x00000000c2d00000, 0x00000000c2c00000| Untracked 
|  19|0x00000000c2d00000, 0x00000000c2e00000, 0x00000000c2e00000|100%| O|  |TAMS 0x00000000c2e00000, 0x00000000c2d00000| Untracked 
|  20|0x00000000c2e00000, 0x00000000c2f00000, 0x00000000c2f00000|100%| O|  |TAMS 0x00000000c2f00000, 0x00000000c2e00000| Untracked 
|  21|0x00000000c2f00000, 0x00000000c3000000, 0x00000000c3000000|100%| O|  |TAMS 0x00000000c3000000, 0x00000000c2f00000| Untracked 
|  22|0x00000000c3000000, 0x00000000c3100000, 0x00000000c3100000|100%| O|  |TAMS 0x00000000c3100000, 0x00000000c3000000| Untracked 
|  23|0x00000000c3100000, 0x00000000c3200000, 0x00000000c3200000|100%| O|  |TAMS 0x00000000c3200000, 0x00000000c3100000| Untracked 
|  24|0x00000000c3200000, 0x00000000c3300000, 0x00000000c3300000|100%| O|  |TAMS 0x00000000c3200000, 0x00000000c3200000| Untracked 
|  25|0x00000000c3300000, 0x00000000c3400000, 0x00000000c3400000|100%|HS|  |TAMS 0x00000000c3300000, 0x00000000c3300000| Complete 
|  26|0x00000000c3400000, 0x00000000c3500000, 0x00000000c3500000|100%|HC|  |TAMS 0x00000000c3400000, 0x00000000c3400000| Complete 
|  27|0x00000000c3500000, 0x00000000c3600000, 0x00000000c3600000|100%| O|  |TAMS 0x00000000c3500000, 0x00000000c3500000| Untracked 
|  28|0x00000000c3600000, 0x00000000c3700000, 0x00000000c3700000|100%| O|  |TAMS 0x00000000c3600000, 0x00000000c3600000| Untracked 
|  29|0x00000000c3700000, 0x00000000c3741a00, 0x00000000c3800000| 25%| O|  |TAMS 0x00000000c3700000, 0x00000000c3700000| Untracked 
|  30|0x00000000c3800000, 0x00000000c3900000, 0x00000000c3900000|100%|HS|  |TAMS 0x00000000c3800000, 0x00000000c3800000| Complete 
|  31|0x00000000c3900000, 0x00000000c3900000, 0x00000000c3a00000|  0%| F|  |TAMS 0x00000000c3900000, 0x00000000c3900000| Untracked 
|  32|0x00000000c3a00000, 0x00000000c3a00000, 0x00000000c3b00000|  0%| F|  |TAMS 0x00000000c3a00000, 0x00000000c3a00000| Untracked 
|  33|0x00000000c3b00000, 0x00000000c3b00000, 0x00000000c3c00000|  0%| F|  |TAMS 0x00000000c3b00000, 0x00000000c3b00000| Untracked 
|  34|0x00000000c3c00000, 0x00000000c3c00000, 0x00000000c3d00000|  0%| F|  |TAMS 0x00000000c3c00000, 0x00000000c3c00000| Untracked 
|  35|0x00000000c3d00000, 0x00000000c3d00000, 0x00000000c3e00000|  0%| F|  |TAMS 0x00000000c3d00000, 0x00000000c3d00000| Untracked 
|  36|0x00000000c3e00000, 0x00000000c3e00000, 0x00000000c3f00000|  0%| F|  |TAMS 0x00000000c3e00000, 0x00000000c3e00000| Untracked 
|  37|0x00000000c3f00000, 0x00000000c3f00000, 0x00000000c4000000|  0%| F|  |TAMS 0x00000000c3f00000, 0x00000000c3f00000| Untracked 
|  38|0x00000000c4000000, 0x00000000c4000000, 0x00000000c4100000|  0%| F|  |TAMS 0x00000000c4000000, 0x00000000c4000000| Untracked 
|  39|0x00000000c4100000, 0x00000000c4100000, 0x00000000c4200000|  0%| F|  |TAMS 0x00000000c4100000, 0x00000000c4100000| Untracked 
|  40|0x00000000c4200000, 0x00000000c4200000, 0x00000000c4300000|  0%| F|  |TAMS 0x00000000c4200000, 0x00000000c4200000| Untracked 
|  41|0x00000000c4300000, 0x00000000c4400000, 0x00000000c4400000|100%| S|CS|TAMS 0x00000000c4300000, 0x00000000c4300000| Complete 
|  42|0x00000000c4400000, 0x00000000c4500000, 0x00000000c4500000|100%| S|CS|TAMS 0x00000000c4400000, 0x00000000c4400000| Complete 
|  43|0x00000000c4500000, 0x00000000c4600000, 0x00000000c4600000|100%| S|CS|TAMS 0x00000000c4500000, 0x00000000c4500000| Complete 
|  44|0x00000000c4600000, 0x00000000c4700000, 0x00000000c4700000|100%| S|CS|TAMS 0x00000000c4600000, 0x00000000c4600000| Complete 
|  45|0x00000000c4700000, 0x00000000c4800000, 0x00000000c4800000|100%| S|CS|TAMS 0x00000000c4700000, 0x00000000c4700000| Complete 
|  46|0x00000000c4800000, 0x00000000c4800000, 0x00000000c4900000|  0%| F|  |TAMS 0x00000000c4800000, 0x00000000c4800000| Untracked 
|  47|0x00000000c4900000, 0x00000000c4900000, 0x00000000c4a00000|  0%| F|  |TAMS 0x00000000c4900000, 0x00000000c4900000| Untracked 
|  48|0x00000000c4a00000, 0x00000000c4a00000, 0x00000000c4b00000|  0%| F|  |TAMS 0x00000000c4a00000, 0x00000000c4a00000| Untracked 
|  49|0x00000000c4b00000, 0x00000000c4b00000, 0x00000000c4c00000|  0%| F|  |TAMS 0x00000000c4b00000, 0x00000000c4b00000| Untracked 
|  50|0x00000000c4c00000, 0x00000000c4c00000, 0x00000000c4d00000|  0%| F|  |TAMS 0x00000000c4c00000, 0x00000000c4c00000| Untracked 
|  51|0x00000000c4d00000, 0x00000000c4d00000, 0x00000000c4e00000|  0%| F|  |TAMS 0x00000000c4d00000, 0x00000000c4d00000| Untracked 
|  52|0x00000000c4e00000, 0x00000000c4e00000, 0x00000000c4f00000|  0%| F|  |TAMS 0x00000000c4e00000, 0x00000000c4e00000| Untracked 
|  53|0x00000000c4f00000, 0x00000000c4f00000, 0x00000000c5000000|  0%| F|  |TAMS 0x00000000c4f00000, 0x00000000c4f00000| Untracked 
|  54|0x00000000c5000000, 0x00000000c5000000, 0x00000000c5100000|  0%| F|  |TAMS 0x00000000c5000000, 0x00000000c5000000| Untracked 
|  55|0x00000000c5100000, 0x00000000c5100000, 0x00000000c5200000|  0%| F|  |TAMS 0x00000000c5100000, 0x00000000c5100000| Untracked 
|  56|0x00000000c5200000, 0x00000000c5200000, 0x00000000c5300000|  0%| F|  |TAMS 0x00000000c5200000, 0x00000000c5200000| Untracked 
|  57|0x00000000c5300000, 0x00000000c5300000, 0x00000000c5400000|  0%| F|  |TAMS 0x00000000c5300000, 0x00000000c5300000| Untracked 
|  58|0x00000000c5400000, 0x00000000c5400000, 0x00000000c5500000|  0%| F|  |TAMS 0x00000000c5400000, 0x00000000c5400000| Untracked 
|  59|0x00000000c5500000, 0x00000000c5500000, 0x00000000c5600000|  0%| F|  |TAMS 0x00000000c5500000, 0x00000000c5500000| Untracked 
|  60|0x00000000c5600000, 0x00000000c5600000, 0x00000000c5700000|  0%| F|  |TAMS 0x00000000c5600000, 0x00000000c5600000| Untracked 
|  61|0x00000000c5700000, 0x00000000c5700000, 0x00000000c5800000|  0%| F|  |TAMS 0x00000000c5700000, 0x00000000c5700000| Untracked 
|  62|0x00000000c5800000, 0x00000000c5800000, 0x00000000c5900000|  0%| F|  |TAMS 0x00000000c5800000, 0x00000000c5800000| Untracked 
|  63|0x00000000c5900000, 0x00000000c5900000, 0x00000000c5a00000|  0%| F|  |TAMS 0x00000000c5900000, 0x00000000c5900000| Untracked 
|  64|0x00000000c5a00000, 0x00000000c5a00000, 0x00000000c5b00000|  0%| F|  |TAMS 0x00000000c5a00000, 0x00000000c5a00000| Untracked 
|  65|0x00000000c5b00000, 0x00000000c5b00000, 0x00000000c5c00000|  0%| F|  |TAMS 0x00000000c5b00000, 0x00000000c5b00000| Untracked 
|  66|0x00000000c5c00000, 0x00000000c5c00000, 0x00000000c5d00000|  0%| F|  |TAMS 0x00000000c5c00000, 0x00000000c5c00000| Untracked 
|  67|0x00000000c5d00000, 0x00000000c5d00000, 0x00000000c5e00000|  0%| F|  |TAMS 0x00000000c5d00000, 0x00000000c5d00000| Untracked 
|  68|0x00000000c5e00000, 0x00000000c5e00000, 0x00000000c5f00000|  0%| F|  |TAMS 0x00000000c5e00000, 0x00000000c5e00000| Untracked 
|  69|0x00000000c5f00000, 0x00000000c5f00000, 0x00000000c6000000|  0%| F|  |TAMS 0x00000000c5f00000, 0x00000000c5f00000| Untracked 
|  70|0x00000000c6000000, 0x00000000c6000000, 0x00000000c6100000|  0%| F|  |TAMS 0x00000000c6000000, 0x00000000c6000000| Untracked 
|  71|0x00000000c6100000, 0x00000000c6100000, 0x00000000c6200000|  0%| F|  |TAMS 0x00000000c6100000, 0x00000000c6100000| Untracked 
|  72|0x00000000c6200000, 0x00000000c6200000, 0x00000000c6300000|  0%| F|  |TAMS 0x00000000c6200000, 0x00000000c6200000| Untracked 
|  73|0x00000000c6300000, 0x00000000c6300000, 0x00000000c6400000|  0%| F|  |TAMS 0x00000000c6300000, 0x00000000c6300000| Untracked 
|  74|0x00000000c6400000, 0x00000000c6400000, 0x00000000c6500000|  0%| F|  |TAMS 0x00000000c6400000, 0x00000000c6400000| Untracked 
|  75|0x00000000c6500000, 0x00000000c6500000, 0x00000000c6600000|  0%| F|  |TAMS 0x00000000c6500000, 0x00000000c6500000| Untracked 
|  76|0x00000000c6600000, 0x00000000c6600000, 0x00000000c6700000|  0%| F|  |TAMS 0x00000000c6600000, 0x00000000c6600000| Untracked 
|  77|0x00000000c6700000, 0x00000000c6700000, 0x00000000c6800000|  0%| F|  |TAMS 0x00000000c6700000, 0x00000000c6700000| Untracked 
|  78|0x00000000c6800000, 0x00000000c6800800, 0x00000000c6900000|  0%| E|  |TAMS 0x00000000c6800000, 0x00000000c6800000| Complete 
| 995|0x00000000ffd00000, 0x00000000ffe00000, 0x00000000ffe00000|100%| E|CS|TAMS 0x00000000ffd00000, 0x00000000ffd00000| Complete 
| 996|0x00000000ffe00000, 0x00000000fff00000, 0x00000000fff00000|100%| E|CS|TAMS 0x00000000ffe00000, 0x00000000ffe00000| Complete 
| 997|0x00000000fff00000, 0x0000000100000000, 0x0000000100000000|100%| E|CS|TAMS 0x00000000fff00000, 0x00000000fff00000| Complete 

Card table byte_map: [0x000001c2b3640000,0x000001c2b3840000] _byte_map_base: 0x000001c2b3033000

Marking Bits (Prev, Next): (CMBitMap*) 0x000001c2a0faabb0, (CMBitMap*) 0x000001c2a0faabf0
 Prev Bits: [0x000001c2b3a40000, 0x000001c2b49d8000)
 Next Bits: [0x000001c2b49e0000, 0x000001c2b5978000)

Polling page: 0x000001c29ef70000

Metaspace:

Usage:
  Non-class:     44.49 MB used.
      Class:      6.20 MB used.
       Both:     50.69 MB used.

Virtual space:
  Non-class space:       48.00 MB reserved,      44.69 MB ( 93%) committed,  6 nodes.
      Class space:        1.00 GB reserved,       6.31 MB ( <1%) committed,  1 nodes.
             Both:        1.05 GB reserved,      51.00 MB (  5%) committed. 

Chunk freelists:
   Non-Class:  2.67 MB
       Class:  1.63 MB
        Both:  4.30 MB

MaxMetaspaceSize: unlimited
CompressedClassSpaceSize: 1.00 GB
Initial GC threshold: 21.00 MB
Current GC threshold: 75.94 MB
CDS: off
MetaspaceReclaimPolicy: balanced
 - commit_granule_bytes: 65536.
 - commit_granule_words: 8192.
 - virtual_space_node_default_size: 1048576.
 - enlarge_chunks_in_place: 1.
 - new_chunks_are_fully_committed: 0.
 - uncommit_free_chunks: 1.
 - use_allocation_guard: 0.
 - handle_deallocations: 1.


Internal statistics:

num_allocs_failed_limit: 3.
num_arena_births: 254.
num_arena_deaths: 0.
num_vsnodes_births: 7.
num_vsnodes_deaths: 0.
num_space_committed: 814.
num_space_uncommitted: 0.
num_chunks_returned_to_freelist: 3.
num_chunks_taken_from_freelist: 1770.
num_chunk_merges: 3.
num_chunk_splits: 1397.
num_chunks_enlarged: 1214.
num_purges: 0.
num_inconsistent_stats: 0.

CodeHeap 'non-profiled nmethods': size=120000Kb used=1855Kb max_used=1855Kb free=118145Kb
 bounds [0x000001c2abf10000, 0x000001c2ac180000, 0x000001c2b3440000]
CodeHeap 'profiled nmethods': size=120000Kb used=8744Kb max_used=8744Kb free=111256Kb
 bounds [0x000001c2a4440000, 0x000001c2a4cd0000, 0x000001c2ab970000]
CodeHeap 'non-nmethods': size=5760Kb used=1272Kb max_used=1336Kb free=4488Kb
 bounds [0x000001c2ab970000, 0x000001c2abbe0000, 0x000001c2abf10000]
 total_blobs=4930 nmethods=4342 adapters=500
 compilation: enabled
              stopped_count=0, restarted_count=0
 full_count=0

Compilation events (20 events):
Event: 7.548 Thread 0x000001c2b7ea2020 4278       1       gnu.trove.THash::size (5 bytes)
Event: 7.548 Thread 0x000001c2b7ea2020 nmethod 4278 0x000001c2ac0dbd10 code [0x000001c2ac0dbea0, 0x000001c2ac0dbf78]
Event: 7.550 Thread 0x000001c2b7ea2020 4279       3       org.jetbrains.org.objectweb.asm.ClassReader::readShort (27 bytes)
Event: 7.550 Thread 0x000001c2b7ea2020 nmethod 4279 0x000001c2a4c8fe90 code [0x000001c2a4c90020, 0x000001c2a4c90198]
Event: 7.554 Thread 0x000001c2b7ea2020 4280       3       org.jetbrains.kotlin.load.java.lazy.descriptors.LazyJavaScope::<init> (267 bytes)
Event: 7.557 Thread 0x000001c2b7ea2020 nmethod 4280 0x000001c2a4c90290 code [0x000001c2a4c90720, 0x000001c2a4c92ea8]
Event: 7.557 Thread 0x000001c2b7ea2020 4281       3       org.jetbrains.kotlin.load.java.lazy.descriptors.LazyJavaScope$allDescriptors$1::<init> (11 bytes)
Event: 7.557 Thread 0x000001c2b7ea2020 nmethod 4281 0x000001c2a4c93b90 code [0x000001c2a4c93d40, 0x000001c2a4c93f78]
Event: 7.557 Thread 0x000001c2b7ea2020 4282       3       org.jetbrains.kotlin.load.java.lazy.descriptors.LazyJavaScope$classNamesLazy$2::<init> (11 bytes)
Event: 7.557 Thread 0x000001c2b7ea2020 nmethod 4282 0x000001c2a4c94090 code [0x000001c2a4c94240, 0x000001c2a4c94478]
Event: 7.558 Thread 0x000001c2b7ea2020 4283       1       org.jetbrains.kotlin.load.java.lazy.descriptors.LazyJavaPackageScope$FindClassRequest::getName (5 bytes)
Event: 7.558 Thread 0x000001c2b7ea2020 nmethod 4283 0x000001c2ac0dc010 code [0x000001c2ac0dc1a0, 0x000001c2ac0dc278]
Event: 7.560 Thread 0x000001c2b7ea2020 4284       1       org.jetbrains.kotlin.load.java.structure.impl.classFiles.ClassifierResolutionContext$Result::getClassifier (5 bytes)
Event: 7.560 Thread 0x000001c2b7ea2020 nmethod 4284 0x000001c2ac0dc310 code [0x000001c2ac0dc4a0, 0x000001c2ac0dc578]
Event: 7.560 Thread 0x000001c2b7ea2020 4285       3       org.jetbrains.kotlin.resolve.jvm.KotlinJavaPsiFacade::finders (30 bytes)
Event: 7.561 Thread 0x000001c2b7ea2020 nmethod 4285 0x000001c2a4c94590 code [0x000001c2a4c94740, 0x000001c2a4c949b8]
Event: 7.561 Thread 0x000001c2b7ea2020 4286       1       org.jetbrains.kotlin.load.java.structure.impl.classFiles.BinaryJavaClass::getConstructors (5 bytes)
Event: 7.561 Thread 0x000001c2b7ea2020 nmethod 4286 0x000001c2ac0dc610 code [0x000001c2ac0dc7a0, 0x000001c2ac0dc878]
Event: 7.561 Thread 0x000001c2b7ea2020 4287       1       org.jetbrains.kotlin.load.java.structure.impl.classFiles.PlainJavaClassifierType::getTypeArguments (5 bytes)
Event: 7.561 Thread 0x000001c2b7ea2020 nmethod 4287 0x000001c2ac0dc910 code [0x000001c2ac0dcaa0, 0x000001c2ac0dcb78]

GC Heap History (20 events):
Event: 2.055 GC heap before
{Heap before GC invocations=2 (full 0):
 garbage-first heap   total 65536K, used 29638K [0x00000000c1a00000, 0x0000000100000000)
  region size 1024K, 25 young (25600K), 2 survivors (2048K)
 Metaspace       used 21327K, committed 21504K, reserved 1073152K
  class space    used 2370K, committed 2496K, reserved 1048576K
}
Event: 2.067 GC heap after
{Heap after GC invocations=3 (full 0):
 garbage-first heap   total 65536K, used 9326K [0x00000000c1a00000, 0x0000000100000000)
  region size 1024K, 4 young (4096K), 4 survivors (4096K)
 Metaspace       used 21327K, committed 21504K, reserved 1073152K
  class space    used 2370K, committed 2496K, reserved 1048576K
}
Event: 2.695 GC heap before
{Heap before GC invocations=4 (full 0):
 garbage-first heap   total 37888K, used 29806K [0x00000000c1a00000, 0x0000000100000000)
  region size 1024K, 22 young (22528K), 4 survivors (4096K)
 Metaspace       used 26986K, committed 27200K, reserved 1073152K
  class space    used 3014K, committed 3072K, reserved 1048576K
}
Event: 2.719 GC heap after
{Heap after GC invocations=5 (full 0):
 garbage-first heap   total 41984K, used 18373K [0x00000000c1a00000, 0x0000000100000000)
  region size 1024K, 3 young (3072K), 3 survivors (3072K)
 Metaspace       used 26986K, committed 27200K, reserved 1073152K
  class space    used 3014K, committed 3072K, reserved 1048576K
}
Event: 3.120 GC heap before
{Heap before GC invocations=5 (full 0):
 garbage-first heap   total 41984K, used 26565K [0x00000000c1a00000, 0x0000000100000000)
  region size 1024K, 12 young (12288K), 3 survivors (3072K)
 Metaspace       used 29690K, committed 29952K, reserved 1081344K
  class space    used 3379K, committed 3456K, reserved 1048576K
}
Event: 3.128 GC heap after
{Heap after GC invocations=6 (full 0):
 garbage-first heap   total 41984K, used 20076K [0x00000000c1a00000, 0x0000000100000000)
  region size 1024K, 1 young (1024K), 1 survivors (1024K)
 Metaspace       used 29690K, committed 29952K, reserved 1081344K
  class space    used 3379K, committed 3456K, reserved 1048576K
}
Event: 3.522 GC heap before
{Heap before GC invocations=6 (full 0):
 garbage-first heap   total 41984K, used 28268K [0x00000000c1a00000, 0x0000000100000000)
  region size 1024K, 9 young (9216K), 1 survivors (1024K)
 Metaspace       used 31785K, committed 32064K, reserved 1081344K
  class space    used 3898K, committed 4032K, reserved 1048576K
}
Event: 3.530 GC heap after
{Heap after GC invocations=7 (full 0):
 garbage-first heap   total 51200K, used 20812K [0x00000000c1a00000, 0x0000000100000000)
  region size 1024K, 2 young (2048K), 2 survivors (2048K)
 Metaspace       used 31785K, committed 32064K, reserved 1081344K
  class space    used 3898K, committed 4032K, reserved 1048576K
}
Event: 4.107 GC heap before
{Heap before GC invocations=8 (full 0):
 garbage-first heap   total 51200K, used 35660K [0x00000000c1a00000, 0x0000000100000000)
  region size 1024K, 17 young (17408K), 2 survivors (2048K)
 Metaspace       used 33338K, committed 33664K, reserved 1081344K
  class space    used 4307K, committed 4480K, reserved 1048576K
}
Event: 4.122 GC heap after
{Heap after GC invocations=9 (full 0):
 garbage-first heap   total 51200K, used 23681K [0x00000000c1a00000, 0x0000000100000000)
  region size 1024K, 3 young (3072K), 3 survivors (3072K)
 Metaspace       used 33338K, committed 33664K, reserved 1081344K
  class space    used 4307K, committed 4480K, reserved 1048576K
}
Event: 4.178 GC heap before
{Heap before GC invocations=9 (full 0):
 garbage-first heap   total 51200K, used 23681K [0x00000000c1a00000, 0x0000000100000000)
  region size 1024K, 4 young (4096K), 3 survivors (3072K)
 Metaspace       used 33699K, committed 33984K, reserved 1081344K
  class space    used 4353K, committed 4480K, reserved 1048576K
}
Event: 4.189 GC heap after
{Heap after GC invocations=10 (full 0):
 garbage-first heap   total 51200K, used 23182K [0x00000000c1a00000, 0x0000000100000000)
  region size 1024K, 1 young (1024K), 1 survivors (1024K)
 Metaspace       used 33699K, committed 33984K, reserved 1081344K
  class space    used 4353K, committed 4480K, reserved 1048576K
}
Event: 4.639 GC heap before
{Heap before GC invocations=10 (full 0):
 garbage-first heap   total 51200K, used 36494K [0x00000000c1a00000, 0x0000000100000000)
  region size 1024K, 14 young (14336K), 1 survivors (1024K)
 Metaspace       used 36566K, committed 36864K, reserved 1081344K
  class space    used 4679K, committed 4800K, reserved 1048576K
}
Event: 4.643 GC heap after
{Heap after GC invocations=11 (full 0):
 garbage-first heap   total 51200K, used 22145K [0x00000000c1a00000, 0x0000000100000000)
  region size 1024K, 2 young (2048K), 2 survivors (2048K)
 Metaspace       used 36566K, committed 36864K, reserved 1081344K
  class space    used 4679K, committed 4800K, reserved 1048576K
}
Event: 5.045 GC heap before
{Heap before GC invocations=12 (full 0):
 garbage-first heap   total 51200K, used 35457K [0x00000000c1a00000, 0x0000000100000000)
  region size 1024K, 16 young (16384K), 2 survivors (2048K)
 Metaspace       used 39319K, committed 39616K, reserved 1089536K
  class space    used 4962K, committed 5120K, reserved 1048576K
}
Event: 5.054 GC heap after
{Heap after GC invocations=13 (full 0):
 garbage-first heap   total 51200K, used 23741K [0x00000000c1a00000, 0x0000000100000000)
  region size 1024K, 2 young (2048K), 2 survivors (2048K)
 Metaspace       used 39319K, committed 39616K, reserved 1089536K
  class space    used 4962K, committed 5120K, reserved 1048576K
}
Event: 5.458 GC heap before
{Heap before GC invocations=13 (full 0):
 garbage-first heap   total 51200K, used 37053K [0x00000000c1a00000, 0x0000000100000000)
  region size 1024K, 16 young (16384K), 2 survivors (2048K)
 Metaspace       used 42162K, committed 42432K, reserved 1089536K
  class space    used 5227K, committed 5376K, reserved 1048576K
}
Event: 5.465 GC heap after
{Heap after GC invocations=14 (full 0):
 garbage-first heap   total 51200K, used 25228K [0x00000000c1a00000, 0x0000000100000000)
  region size 1024K, 2 young (2048K), 2 survivors (2048K)
 Metaspace       used 42162K, committed 42432K, reserved 1089536K
  class space    used 5227K, committed 5376K, reserved 1048576K
}
Event: 6.195 GC heap before
{Heap before GC invocations=14 (full 0):
 garbage-first heap   total 51200K, used 38540K [0x00000000c1a00000, 0x0000000100000000)
  region size 1024K, 15 young (15360K), 2 survivors (2048K)
 Metaspace       used 46267K, committed 46592K, reserved 1097728K
  class space    used 5683K, committed 5824K, reserved 1048576K
}
Event: 6.203 GC heap after
{Heap after GC invocations=15 (full 0):
 garbage-first heap   total 83968K, used 26196K [0x00000000c1a00000, 0x0000000100000000)
  region size 1024K, 1 young (1024K), 1 survivors (1024K)
 Metaspace       used 46267K, committed 46592K, reserved 1097728K
  class space    used 5683K, committed 5824K, reserved 1048576K
}

Dll operation events (2 events):
Event: 0.013 Loaded shared library C:\Program Files\Android\Android Studio\jbr\bin\java.dll
Event: 1.737 Loaded shared library C:\Program Files\Android\Android Studio\jbr\bin\verify.dll

Deoptimization events (20 events):
Event: 6.904 Thread 0x000001c2a0f70af0 Uncommon trap: trap_request=0xffffffc6 fr.pc=0x000001c2ac01b6bc relative=0x00000000000005dc
Event: 6.904 Thread 0x000001c2a0f70af0 Uncommon trap: reason=bimorphic_or_optimized_type_check action=maybe_recompile pc=0x000001c2ac01b6bc method=org.jetbrains.kotlin.protobuf.CodedInputStream.tryRefillBuffer(I)Z @ 177 c2
Event: 6.904 Thread 0x000001c2a0f70af0 DEOPT PACKING pc=0x000001c2ac01b6bc sp=0x0000003bb80fce20
Event: 6.904 Thread 0x000001c2a0f70af0 DEOPT UNPACKING pc=0x000001c2ab9c69a3 sp=0x0000003bb80fcd08 mode 2
Event: 6.906 Thread 0x000001c2a0f70af0 Uncommon trap: trap_request=0xffffffc6 fr.pc=0x000001c2ac01b6bc relative=0x00000000000005dc
Event: 6.906 Thread 0x000001c2a0f70af0 Uncommon trap: reason=bimorphic_or_optimized_type_check action=maybe_recompile pc=0x000001c2ac01b6bc method=org.jetbrains.kotlin.protobuf.CodedInputStream.tryRefillBuffer(I)Z @ 177 c2
Event: 6.906 Thread 0x000001c2a0f70af0 DEOPT PACKING pc=0x000001c2ac01b6bc sp=0x0000003bb80fce20
Event: 6.906 Thread 0x000001c2a0f70af0 DEOPT UNPACKING pc=0x000001c2ab9c69a3 sp=0x0000003bb80fcd08 mode 2
Event: 6.974 Thread 0x000001c2a0f70af0 DEOPT PACKING pc=0x000001c2a4951e65 sp=0x0000003bb80fb8b0
Event: 6.974 Thread 0x000001c2a0f70af0 DEOPT UNPACKING pc=0x000001c2ab9c7143 sp=0x0000003bb80fad00 mode 0
Event: 7.078 Thread 0x000001c2a0f70af0 DEOPT PACKING pc=0x000001c2a47f3124 sp=0x0000003bb80fc940
Event: 7.078 Thread 0x000001c2a0f70af0 DEOPT UNPACKING pc=0x000001c2ab9c7143 sp=0x0000003bb80fbe98 mode 0
Event: 7.274 Thread 0x000001c2a0f70af0 DEOPT PACKING pc=0x000001c2a4951e65 sp=0x0000003bb80fc840
Event: 7.274 Thread 0x000001c2a0f70af0 DEOPT UNPACKING pc=0x000001c2ab9c7143 sp=0x0000003bb80fbc90 mode 0
Event: 7.349 Thread 0x000001c2a0f70af0 Uncommon trap: trap_request=0xffffffde fr.pc=0x000001c2ac064d7c relative=0x00000000000005bc
Event: 7.349 Thread 0x000001c2a0f70af0 Uncommon trap: reason=class_check action=maybe_recompile pc=0x000001c2ac064d7c method=org.jetbrains.kotlin.com.intellij.lang.impl.PsiBuilderImpl.skipWhitespace()V @ 72 c2
Event: 7.349 Thread 0x000001c2a0f70af0 DEOPT PACKING pc=0x000001c2ac064d7c sp=0x0000003bb80fca60
Event: 7.349 Thread 0x000001c2a0f70af0 DEOPT UNPACKING pc=0x000001c2ab9c69a3 sp=0x0000003bb80fc918 mode 2
Event: 7.524 Thread 0x000001c2a0f70af0 DEOPT PACKING pc=0x000001c2a4951e65 sp=0x0000003bb80fa5b0
Event: 7.524 Thread 0x000001c2a0f70af0 DEOPT UNPACKING pc=0x000001c2ab9c7143 sp=0x0000003bb80f9a00 mode 0

Classes unloaded (0 events):
No events

Classes redefined (0 events):
No events

Internal exceptions (20 events):
Event: 1.605 Thread 0x000001c2a0f70af0 Exception <a 'java/lang/NoSuchMethodError'{0x00000000c50d54c0}: 'int java.lang.invoke.DelegatingMethodHandle$Holder.reinvoke_L(java.lang.Object, java.lang.Object, java.lang.Object, long, int)'> (0x00000000c50d54c0) 
thrown [s\src\hotspot\share\interpreter\linkResolver.cpp, line 771]
Event: 1.743 Thread 0x000001c2a0f70af0 Exception <a 'java/lang/NoSuchMethodError'{0x00000000c4c373f8}: 'java.lang.Object java.lang.invoke.DirectMethodHandle$Holder.invokeStaticInit(java.lang.Object)'> (0x00000000c4c373f8) 
thrown [s\src\hotspot\share\interpreter\linkResolver.cpp, line 771]
Event: 2.101 Thread 0x000001c2a0f70af0 Exception <a 'java/lang/NoSuchMethodError'{0x00000000c59aade8}: 'java.lang.Object java.lang.invoke.DirectMethodHandle$Holder.invokeStaticInit(java.lang.Object, int)'> (0x00000000c59aade8) 
thrown [s\src\hotspot\share\interpreter\linkResolver.cpp, line 771]
Event: 2.115 Thread 0x000001c2a0f70af0 Exception <a 'java/lang/NoSuchMethodError'{0x00000000c392a938}: 'void java.lang.invoke.DirectMethodHandle$Holder.invokeStatic(java.lang.Object, java.lang.Object)'> (0x00000000c392a938) 
thrown [s\src\hotspot\share\interpreter\linkResolver.cpp, line 771]
Event: 2.152 Thread 0x000001c2a0f70af0 Exception <a 'java/lang/NoSuchMethodError'{0x00000000c38552c8}: 'long java.lang.invoke.DirectMethodHandle$Holder.invokeStatic(java.lang.Object)'> (0x00000000c38552c8) 
thrown [s\src\hotspot\share\interpreter\linkResolver.cpp, line 771]
Event: 2.153 Thread 0x000001c2a0f70af0 Exception <a 'java/lang/NoSuchMethodError'{0x00000000c3858a20}: 'long java.lang.invoke.DirectMethodHandle$Holder.invokeStaticInit(java.lang.Object)'> (0x00000000c3858a20) 
thrown [s\src\hotspot\share\interpreter\linkResolver.cpp, line 771]
Event: 2.245 Thread 0x000001c2a0f70af0 Exception <a 'java/lang/NoSuchMethodError'{0x00000000c35f0da8}: 'int java.lang.invoke.DirectMethodHandle$Holder.invokeStaticInit(java.lang.Object, java.lang.Object, java.lang.Object)'> (0x00000000c35f0da8) 
thrown [s\src\hotspot\share\interpreter\linkResolver.cpp, line 771]
Event: 2.251 Thread 0x000001c2a0f70af0 Exception <a 'java/lang/NoSuchMethodError'{0x00000000c34190d8}: 'int java.lang.invoke.DirectMethodHandle$Holder.invokeStaticInit(java.lang.Object, java.lang.Object)'> (0x00000000c34190d8) 
thrown [s\src\hotspot\share\interpreter\linkResolver.cpp, line 771]
Event: 2.276 Thread 0x000001c2a0f70af0 Exception <a 'java/lang/NoSuchMethodError'{0x00000000c34eeda0}: 'void java.lang.invoke.DirectMethodHandle$Holder.invokeSpecial(java.lang.Object, java.lang.Object, java.lang.Object)'> (0x00000000c34eeda0) 
thrown [s\src\hotspot\share\interpreter\linkResolver.cpp, line 771]
Event: 2.726 Thread 0x000001c2a0f70af0 Exception <a 'java/lang/NoSuchMethodError'{0x00000000c590b488}: 'void java.lang.invoke.DirectMethodHandle$Holder.invokeStatic(java.lang.Object, java.lang.Object, java.lang.Object, java.lang.Object)'> (0x00000000c590b488) 
thrown [s\src\hotspot\share\interpreter\linkResolver.cpp, line 771]
Event: 2.874 Thread 0x000001c2a0f70af0 Exception <a 'java/lang/NoSuchMethodError'{0x00000000c3eb0310}: 'void java.lang.invoke.DirectMethodHandle$Holder.invokeStaticInit(java.lang.Object, java.lang.Object)'> (0x00000000c3eb0310) 
thrown [s\src\hotspot\share\interpreter\linkResolver.cpp, line 771]
Event: 3.077 Thread 0x000001c2a0f70af0 Exception <a 'java/lang/NoSuchMethodError'{0x00000000c3609978}: 'void java.lang.invoke.DirectMethodHandle$Holder.invokeVirtual(java.lang.Object, java.lang.Object)'> (0x00000000c3609978) 
thrown [s\src\hotspot\share\interpreter\linkResolver.cpp, line 771]
Event: 3.100 Thread 0x000001c2a0f70af0 Exception <a 'java/lang/NoSuchMethodError'{0x00000000c367bd40}: 'int java.lang.invoke.DirectMethodHandle$Holder.invokeVirtual(java.lang.Object, java.lang.Object)'> (0x00000000c367bd40) 
thrown [s\src\hotspot\share\interpreter\linkResolver.cpp, line 771]
Event: 3.137 Thread 0x000001c2a0f70af0 Exception <a 'java/lang/NoSuchMethodError'{0x00000000c5922600}: 'java.lang.Object java.lang.invoke.Invokers$Holder.invokeExact_MT(java.lang.Object, java.lang.Object, java.lang.Object, java.lang.Object, java.lang.Object, java.lang.Object)'> (0x00000000c5922600) 
thrown [s\src\hotspot\share\interpreter\linkResolver.cpp, line 771]
Event: 4.479 Thread 0x000001c2a0f70af0 Exception <a 'java/lang/NoSuchMethodError'{0x00000000c4217cb8}: 'java.lang.Object java.lang.invoke.DirectMethodHandle$Holder.invokeVirtual(java.lang.Object, java.lang.Object, java.lang.Object)'> (0x00000000c4217cb8) 
thrown [s\src\hotspot\share\interpreter\linkResolver.cpp, line 771]
Event: 5.623 Thread 0x000001c2a0f70af0 Exception <a 'java/lang/NoSuchMethodError'{0x00000000c47b34a0}: 'java.lang.Object java.lang.invoke.DirectMethodHandle$Holder.newInvokeSpecial(java.lang.Object, java.lang.Object, int)'> (0x00000000c47b34a0) 
thrown [s\src\hotspot\share\interpreter\linkResolver.cpp, line 771]
Event: 7.163 Thread 0x000001c2a0f70af0 Exception <a 'java/lang/NoSuchMethodError'{0x00000000c54a3f08}: 'java.lang.Object java.lang.invoke.DirectMethodHandle$Holder.invokeInterface(java.lang.Object, java.lang.Object)'> (0x00000000c54a3f08) 
thrown [s\src\hotspot\share\interpreter\linkResolver.cpp, line 771]
Event: 7.335 Thread 0x000001c2a0f70af0 Exception <a 'java/lang/NoSuchMethodError'{0x00000000c4f53918}: 'java.lang.Object java.lang.invoke.DirectMethodHandle$Holder.newInvokeSpecial(java.lang.Object, java.lang.Object, java.lang.Object, int)'> (0x00000000c4f53918) 
thrown [s\src\hotspot\share\interpreter\linkResolver.cpp, line 771]
Event: 7.336 Thread 0x000001c2a0f70af0 Exception <a 'java/lang/NoSuchMethodError'{0x00000000c4f57fa0}: 'java.lang.Object java.lang.invoke.DirectMethodHandle$Holder.invokeSpecial(java.lang.Object, java.lang.Object, java.lang.Object, java.lang.Object, int)'> (0x00000000c4f57fa0) 
thrown [s\src\hotspot\share\interpreter\linkResolver.cpp, line 771]
Event: 7.336 Thread 0x000001c2a0f70af0 Exception <a 'java/lang/NoSuchMethodError'{0x00000000c4f5be10}: 'java.lang.Object java.lang.invoke.Invokers$Holder.linkToTargetMethod(java.lang.Object, java.lang.Object, int, java.lang.Object)'> (0x00000000c4f5be10) 
thrown [s\src\hotspot\share\interpreter\linkResolver.cpp, line 771]

VM Operations (20 events):
Event: 6.304 Executing VM operation: G1Concurrent
Event: 6.304 Executing VM operation: G1Concurrent done
Event: 6.466 Executing VM operation: HandshakeAllThreads
Event: 6.466 Executing VM operation: HandshakeAllThreads done
Event: 6.479 Executing VM operation: HandshakeAllThreads
Event: 6.479 Executing VM operation: HandshakeAllThreads done
Event: 6.732 Executing VM operation: HandshakeAllThreads
Event: 6.732 Executing VM operation: HandshakeAllThreads done
Event: 6.885 Executing VM operation: HandshakeAllThreads
Event: 6.885 Executing VM operation: HandshakeAllThreads done
Event: 6.894 Executing VM operation: HandshakeAllThreads
Event: 6.894 Executing VM operation: HandshakeAllThreads done
Event: 7.058 Executing VM operation: ICBufferFull
Event: 7.058 Executing VM operation: ICBufferFull done
Event: 7.182 Executing VM operation: HandshakeAllThreads
Event: 7.182 Executing VM operation: HandshakeAllThreads done
Event: 7.182 Executing VM operation: HandshakeAllThreads
Event: 7.182 Executing VM operation: HandshakeAllThreads done
Event: 7.309 Executing VM operation: HandshakeAllThreads
Event: 7.309 Executing VM operation: HandshakeAllThreads done

Events (20 events):
Event: 6.355 loading class java/text/CharacterIterator done
Event: 6.355 loading class java/text/StringCharacterIterator done
Event: 6.456 loading class java/util/RegularEnumSet$EnumSetIterator
Event: 6.456 loading class java/util/RegularEnumSet$EnumSetIterator done
Event: 6.487 loading class java/beans/PropertyChangeSupport
Event: 6.487 loading class java/beans/PropertyChangeSupport done
Event: 6.487 loading class java/beans/PropertyChangeSupport$PropertyChangeListenerMap
Event: 6.487 loading class java/beans/ChangeListenerMap
Event: 6.488 loading class java/beans/ChangeListenerMap done
Event: 6.488 loading class java/beans/PropertyChangeSupport$PropertyChangeListenerMap done
Event: 6.488 loading class java/beans/PropertyChangeListener
Event: 6.488 loading class java/beans/PropertyChangeListener done
Event: 6.733 loading class java/util/ComparableTimSort
Event: 6.733 loading class java/util/ComparableTimSort done
Event: 7.155 loading class java/util/Collections$SingletonMap
Event: 7.156 loading class java/util/Collections$SingletonMap done
Event: 7.308 loading class java/util/ArrayList$ListItr
Event: 7.308 loading class java/util/ArrayList$ListItr done
Event: 7.450 loading class java/io/InvalidObjectException
Event: 7.450 loading class java/io/InvalidObjectException done


Dynamic libraries:
0x00007ff7f9650000 - 0x00007ff7f965a000 	C:\Program Files\Android\Android Studio\jbr\bin\java.exe
0x00007fff336d0000 - 0x00007fff338c8000 	C:\Windows\SYSTEM32\ntdll.dll
0x00007ffef5590000 - 0x00007ffef55a9000 	C:\Program Files\Avast Software\Avast\aswhook.dll
0x00007fff320b0000 - 0x00007fff3216f000 	C:\Windows\System32\KERNEL32.DLL
0x00007fff312b0000 - 0x00007fff315a6000 	C:\Windows\System32\KERNELBASE.dll
0x00007fff31600000 - 0x00007fff31700000 	C:\Windows\System32\ucrtbase.dll
0x00007fff26d90000 - 0x00007fff26dab000 	C:\Program Files\Android\Android Studio\jbr\bin\VCRUNTIME140.dll
0x00007fff28c40000 - 0x00007fff28c57000 	C:\Program Files\Android\Android Studio\jbr\bin\jli.dll
0x00007fff333c0000 - 0x00007fff3355d000 	C:\Windows\System32\USER32.dll
0x00007fff30ed0000 - 0x00007fff30ef2000 	C:\Windows\System32\win32u.dll
0x00007fff25f30000 - 0x00007fff261ca000 	C:\Windows\WinSxS\amd64_microsoft.windows.common-controls_6595b64144ccf1df_6.0.19041.1110_none_60b5254171f9507e\COMCTL32.dll
0x00007fff32c20000 - 0x00007fff32c4c000 	C:\Windows\System32\GDI32.dll
0x00007fff33270000 - 0x00007fff3330e000 	C:\Windows\System32\msvcrt.dll
0x00007fff30db0000 - 0x00007fff30ec5000 	C:\Windows\System32\gdi32full.dll
0x00007fff30f90000 - 0x00007fff3102d000 	C:\Windows\System32\msvcp_win.dll
0x00007fff31950000 - 0x00007fff31980000 	C:\Windows\System32\IMM32.DLL
0x00007fff2b630000 - 0x00007fff2b63c000 	C:\Program Files\Android\Android Studio\jbr\bin\vcruntime140_1.dll
0x00007fff00dc0000 - 0x00007fff00e4d000 	C:\Program Files\Android\Android Studio\jbr\bin\msvcp140.dll
0x00007ffe8e510000 - 0x00007ffe8f17d000 	C:\Program Files\Android\Android Studio\jbr\bin\server\jvm.dll
0x00007fff33310000 - 0x00007fff333bf000 	C:\Windows\System32\ADVAPI32.dll
0x00007fff31790000 - 0x00007fff3182c000 	C:\Windows\System32\sechost.dll
0x00007fff31980000 - 0x00007fff31aa6000 	C:\Windows\System32\RPCRT4.dll
0x00007fff1b550000 - 0x00007fff1b577000 	C:\Windows\SYSTEM32\WINMM.dll
0x00007fff254d0000 - 0x00007fff254d9000 	C:\Windows\SYSTEM32\WSOCK32.dll
0x00007fff32ad0000 - 0x00007fff32b3b000 	C:\Windows\System32\WS2_32.dll
0x00007fff2acc0000 - 0x00007fff2acca000 	C:\Windows\SYSTEM32\VERSION.dll
0x00007fff2ec70000 - 0x00007fff2ec82000 	C:\Windows\SYSTEM32\kernel.appcore.dll
0x00007fff26e50000 - 0x00007fff26e5a000 	C:\Program Files\Android\Android Studio\jbr\bin\jimage.dll
0x00007fff28370000 - 0x00007fff28554000 	C:\Windows\SYSTEM32\DBGHELP.DLL
0x00007fff288d0000 - 0x00007fff28904000 	C:\Windows\SYSTEM32\dbgcore.DLL
0x00007fff30f00000 - 0x00007fff30f82000 	C:\Windows\System32\bcryptPrimitives.dll
0x00007fff21870000 - 0x00007fff21895000 	C:\Program Files\Android\Android Studio\jbr\bin\java.dll
0x00007fff19fb0000 - 0x00007fff19fc8000 	C:\Program Files\Android\Android Studio\jbr\bin\zip.dll
0x00007fff32380000 - 0x00007fff32ac4000 	C:\Windows\System32\SHELL32.dll
0x00007fff2ee70000 - 0x00007fff2f603000 	C:\Windows\SYSTEM32\windows.storage.dll
0x00007fff32e10000 - 0x00007fff33164000 	C:\Windows\System32\combase.dll
0x00007fff30730000 - 0x00007fff3075e000 	C:\Windows\SYSTEM32\Wldp.dll
0x00007fff31ab0000 - 0x00007fff31b5d000 	C:\Windows\System32\SHCORE.dll
0x00007fff32320000 - 0x00007fff32375000 	C:\Windows\System32\shlwapi.dll
0x00007fff30cf0000 - 0x00007fff30d0f000 	C:\Windows\SYSTEM32\profapi.dll
0x00007fff16050000 - 0x00007fff16069000 	C:\Program Files\Android\Android Studio\jbr\bin\net.dll
0x00007fff289f0000 - 0x00007fff28afa000 	C:\Windows\SYSTEM32\WINHTTP.dll
0x00007fff30490000 - 0x00007fff304fa000 	C:\Windows\system32\mswsock.dll
0x00007fff0c390000 - 0x00007fff0c3a6000 	C:\Program Files\Android\Android Studio\jbr\bin\nio.dll
0x00007fff1fb00000 - 0x00007fff1fb10000 	C:\Program Files\Android\Android Studio\jbr\bin\verify.dll

dbghelp: loaded successfully - version: 4.0.5 - missing functions: none
symbol engine: initialized successfully - sym options: 0x614 - pdb path: .;C:\Program Files\Android\Android Studio\jbr\bin;C:\Windows\SYSTEM32;C:\Program Files\Avast Software\Avast;C:\Windows\WinSxS\amd64_microsoft.windows.common-controls_6595b64144ccf1df_6.0.19041.1110_none_60b5254171f9507e;C:\Program Files\Android\Android Studio\jbr\bin\server

VM Arguments:
java_command: org.jetbrains.kotlin.cli.jvm.K2JVMCompiler @H:\PROJECT BACKUPS\OBJECT DETECTION\2. ssd_mobilenet\lite\examples\object_detection\android_play_services\app\build\20230524_5905159481726120497.compiler.options
java_class_path (initial): C:\Users\Dell\.gradle\caches\modules-2\files-2.1\org.jetbrains.kotlin\kotlin-compiler-embeddable\1.6.0\aa8da3bedc53c89219b84a0b40c7419431a13e76\kotlin-compiler-embeddable-1.6.0.jar;C:\Users\Dell\.gradle\caches\modules-2\files-2.1\org.jetbrains.kotlin\kotlin-reflect\1.6.0\a215a7f914d5916dc5fd2d45cea16524e0220203\kotlin-reflect-1.6.0.jar;C:\Users\Dell\.gradle\caches\modules-2\files-2.1\org.jetbrains.kotlin\kotlin-stdlib\1.6.0\a40b8b22529b733892edf4b73468ce598bb17f04\kotlin-stdlib-1.6.0.jar;C:\Users\Dell\.gradle\caches\modules-2\files-2.1\org.jetbrains.kotlin\kotlin-script-runtime\1.6.0\55f72526ddcff6fc77d72cdf949c7e3d9bd95620\kotlin-script-runtime-1.6.0.jar;C:\Users\Dell\.gradle\caches\modules-2\files-2.1\org.jetbrains.kotlin\kotlin-daemon-embeddable\1.6.0\d6242b37f4ce6b637d10847c7558446272ec8432\kotlin-daemon-embeddable-1.6.0.jar;C:\Users\Dell\.gradle\caches\modules-2\files-2.1\org.jetbrains.intellij.deps\trove4j\1.0.20181211\216c2e14b070f334479d800987affe4054cd563f\trove4j-1.0.20181211.jar;C:\Users\Dell\.gradle\caches\modules-2\files-2.1\net.java.dev.jna\jna\5.6.0\330f2244e9030119ab3030fc3fededc86713d9cc\jna-5.6.0.jar;C:\Users\Dell\.gradle\caches\modules-2\files-2.1\org.jetbrains\annotations\13.0\919f0dfe192fb4e063e7dacadee7f8bb9a2672a9\annotations-13.0.jar;C:\Users\Dell\.gradle\caches\modules-2\files-2.1\org.jetbrains.kotlin\kotlin-stdlib-common\1.6.0\7857e365f925cfa060f941c1357cda1f8790502c\kotlin-stdlib-common-1.6.0.jar
Launcher Type: SUN_STANDARD

[Global flags]
     intx CICompilerCount                          = 3                                         {product} {ergonomic}
     uint ConcGCThreads                            = 1                                         {product} {ergonomic}
     uint G1ConcRefinementThreads                  = 4                                         {product} {ergonomic}
   size_t G1HeapRegionSize                         = 1048576                                   {product} {ergonomic}
    uintx GCDrainStackTargetSize                   = 64                                        {product} {ergonomic}
   size_t InitialHeapSize                          = 67108864                                  {product} {ergonomic}
   size_t MarkStackSize                            = 4194304                                   {product} {ergonomic}
   size_t MaxHeapSize                              = 1046478848                                {product} {ergonomic}
   size_t MaxNewSize                               = 627048448                                 {product} {ergonomic}
   size_t MinHeapDeltaBytes                        = 1048576                                   {product} {ergonomic}
   size_t MinHeapSize                              = 8388608                                   {product} {ergonomic}
    uintx NonNMethodCodeHeapSize                   = 5832780                                {pd product} {ergonomic}
    uintx NonProfiledCodeHeapSize                  = 122912730                              {pd product} {ergonomic}
    uintx ProfiledCodeHeapSize                     = 122912730                              {pd product} {ergonomic}
    uintx ReservedCodeCacheSize                    = 251658240                              {pd product} {ergonomic}
     bool SegmentedCodeCache                       = true                                      {product} {ergonomic}
   size_t SoftMaxHeapSize                          = 1046478848                             {manageable} {ergonomic}
     bool UseCompressedClassPointers               = true                           {product lp64_product} {ergonomic}
     bool UseCompressedOops                        = true                           {product lp64_product} {ergonomic}
     bool UseG1GC                                  = true                                      {product} {ergonomic}
     bool UseLargePagesIndividualAllocation        = false                                  {pd product} {ergonomic}

Logging:
Log output configuration:
 #0: stdout all=warning uptime,level,tags
 #1: stderr all=off uptime,level,tags

Environment Variables:
PATH=C:\Program Files\Common Files\Oracle\Java\javapath;C:\Windows\system32;C:\Windows;C:\Windows\System32\Wbem;C:\Windows\System32\WindowsPowerShell\v1.0\;C:\Windows\System32\OpenSSH\;C:\Program Files\MongoDB\Server\6.0\bin;C:\mongosh-1.6.2\bin;C:\Program Files\nodejs\;C:\Users\Dell\AppData\Local\Packages\PythonSoftwareFoundation.Python.3.10_qbz5n2kfpackages\Python310\Scripts;C:\Users\Dell\AppData\Local\Microsoft\WindowsApps\PythonSoftwareFoundation.Python.3.10_qbz5n2kfra8p0;C:\Users\Dell\Downloads\qt-everywhere-src-6.4.2\qt-everywhere-src-6.4.2;C:\Program Files\Git\cmd;C:\Users\Dell\AppData\Local\Microsoft\WindowsApps;C:\MinGW\bin;C:\Users\Dell\AppData\Local\Programs\Hyper\resources\bin;C:\Users\Dell\AppData\Roaming\npm;C:\Users\Dell\AppData\Local\Programs\Microsoft VS Code\bin;C:\Users\Dell\AppData\Local\bin\NASM;
USERNAME=Dell
OS=Windows_NT
PROCESSOR_IDENTIFIER=Intel64 Family 6 Model 78 Stepping 3, GenuineIntel
TMP=C:\Users\Dell\AppData\Local\Temp
TEMP=C:\Users\Dell\AppData\Local\Temp



---------------  S Y S T E M  ---------------

OS:
 Windows 10 , 64 bit Build 19041 (10.0.19041.2913)
OS uptime: 2 days 10:55 hours

CPU: total 4 (initial active 4) (2 cores per cpu, 2 threads per core) family 6 model 78 stepping 3 microcode 0xdc, cx8, cmov, fxsr, ht, mmx, 3dnowpref, sse, sse2, sse3, ssse3, sse4.1, sse4.2, popcnt, lzcnt, tsc, tscinvbit, avx, avx2, aes, erms, clmul, bmi1, bmi2, rtm, adx, fma, vzeroupper, clflush, clflushopt

Memory: 4k page, system-wide physical 3987M (391M free)
TotalPageFile size 16275M (AvailPageFile size 4M)
current process WorkingSet (physical memory assigned to process): 228M, peak: 228M
current process commit charge ("private bytes"): 256M, peak: 258M

vm_info: OpenJDK 64-Bit Server VM (17.0.6+0-b2043.56-9586694) for windows-amd64 JRE (17.0.6+0-b2043.56-9586694), built on Feb  9 2023 20:06:20 by "androidbuild" with MS VC++ 16.10 / 16.11 (VS2019)

END.
